<?xml version="1.0" encoding="UTF-8"?>
<testng-results ignored="0" total="1" passed="1" failed="0" skipped="0">
  <reporter-output>
    <line>
      <![CDATA[Test started]]>
    </line>
    <line>
      <![CDATA[testCase_task => test script execution started]]>
    </line>
    <line>
      <![CDATA[ SuccessfultestCase_task]]>
    </line>
  </reporter-output>
  <suite started-at="2023-05-09T14:45:27 IST" name="Default suite" finished-at="2023-05-09T14:45:48 IST" duration-ms="20853">
    <groups>
    </groups>
    <test started-at="2023-05-09T14:45:27 IST" name="Default test" finished-at="2023-05-09T14:45:48 IST" duration-ms="20853">
      <class name="com.project1.testcases.TestCase_1">
        <test-method is-config="true" signature="openConn()[pri:0, instance:com.project1.testcases.TestCase_1@419a20a6]" started-at="2023-05-09T14:45:27 IST" name="openConn" finished-at="2023-05-09T14:45:27 IST" duration-ms="10" status="PASS">
          <reporter-output>
          </reporter-output>
        </test-method> <!-- openConn -->
        <test-method is-config="true" signature="openBrowser()[pri:0, instance:com.project1.testcases.TestCase_1@419a20a6]" started-at="2023-05-09T14:45:27 IST" name="openBrowser" finished-at="2023-05-09T14:45:29 IST" duration-ms="2213" status="PASS">
          <reporter-output>
          </reporter-output>
        </test-method> <!-- openBrowser -->
        <test-method is-config="true" signature="openWebApp()[pri:0, instance:com.project1.testcases.TestCase_1@419a20a6]" started-at="2023-05-09T14:45:29 IST" name="openWebApp" finished-at="2023-05-09T14:45:38 IST" duration-ms="8539" status="PASS">
          <reporter-output>
          </reporter-output>
        </test-method> <!-- openWebApp -->
        <test-method is-config="true" signature="login()[pri:0, instance:com.project1.testcases.TestCase_1@419a20a6]" started-at="2023-05-09T14:45:38 IST" name="login" finished-at="2023-05-09T14:45:38 IST" duration-ms="528" status="PASS">
          <reporter-output>
          </reporter-output>
        </test-method> <!-- login -->
        <test-method signature="testCase_task()[pri:0, instance:com.project1.testcases.TestCase_1@419a20a6]" started-at="2023-05-09T14:45:38 IST" name="testCase_task" finished-at="2023-05-09T14:45:46 IST" duration-ms="7363" status="PASS">
          <reporter-output>
            <line>
              <![CDATA[testCase_task => test script execution started]]>
            </line>
            <line>
              <![CDATA[ SuccessfultestCase_task]]>
            </line>
          </reporter-output>
        </test-method> <!-- testCase_task -->
        <test-method is-config="true" signature="logOut()[pri:0, instance:com.project1.testcases.TestCase_1@419a20a6]" started-at="2023-05-09T14:45:46 IST" name="logOut" finished-at="2023-05-09T14:45:47 IST" duration-ms="1600" status="PASS">
          <reporter-output>
          </reporter-output>
        </test-method> <!-- logOut -->
        <test-method is-config="true" signature="closeBrowser()[pri:0, instance:com.project1.testcases.TestCase_1@419a20a6]" started-at="2023-05-09T14:45:47 IST" name="closeBrowser" finished-at="2023-05-09T14:45:48 IST" duration-ms="336" status="PASS">
          <reporter-output>
          </reporter-output>
        </test-method> <!-- closeBrowser -->
        <test-method is-config="true" signature="closeConn()[pri:0, instance:com.project1.testcases.TestCase_1@419a20a6]" started-at="2023-05-09T14:45:49 IST" name="closeConn" finished-at="2023-05-09T14:45:49 IST" duration-ms="81" status="PASS">
          <reporter-output>
          </reporter-output>
        </test-method> <!-- closeConn -->
      </class> <!-- com.project1.testcases.TestCase_1 -->
    </test> <!-- Default test -->
  </suite> <!-- Default suite -->
</testng-results>
